TN:
SF:src\Pages\Login\Login.jsx
FN:17,(anonymous_0)
FN:43,(anonymous_1)
FN:69,(anonymous_2)
FN:88,(anonymous_3)
FN:103,(anonymous_4)
FN:124,(anonymous_5)
FN:144,(anonymous_6)
FN:155,(anonymous_7)
FN:171,(anonymous_8)
FNF:9
FNH:9
FNDA:3,(anonymous_0)
FNDA:3,(anonymous_1)
FNDA:3,(anonymous_2)
FNDA:3,(anonymous_3)
FNDA:3,(anonymous_4)
FNDA:3,(anonymous_5)
FNDA:3,(anonymous_6)
FNDA:3,(anonymous_7)
FNDA:3,(anonymous_8)
DA:17,1
DA:18,3
DA:19,3
DA:43,1
DA:44,3
DA:69,1
DA:70,3
DA:88,1
DA:89,3
DA:103,1
DA:104,3
DA:124,1
DA:125,3
DA:144,1
DA:145,3
DA:155,1
DA:156,3
DA:171,1
DA:172,3
LF:19
LH:19
BRDA:146,0,0,1
BRDA:146,0,1,2
BRF:2
BRH:2
end_of_record
TN:
SF:src\Pages\Login\loginUtils.jsx
FN:18,(anonymous_0)
FN:35,(anonymous_1)
FN:57,(anonymous_2)
FN:72,(anonymous_3)
FN:91,(anonymous_4)
FN:107,(anonymous_5)
FN:128,(anonymous_6)
FN:152,(anonymous_7)
FN:152,(anonymous_8)
FNF:9
FNH:9
FNDA:5,(anonymous_0)
FNDA:5,(anonymous_1)
FNDA:8,(anonymous_2)
FNDA:5,(anonymous_3)
FNDA:8,(anonymous_4)
FNDA:2,(anonymous_5)
FNDA:8,(anonymous_6)
FNDA:2,(anonymous_7)
FNDA:2,(anonymous_8)
DA:18,1
DA:19,5
DA:20,5
DA:21,5
DA:22,5
DA:24,5
DA:35,1
DA:36,5
DA:42,5
DA:43,3
DA:44,3
DA:46,2
DA:57,8
DA:72,1
DA:73,5
DA:75,4
DA:76,2
DA:79,2
DA:91,1
DA:92,8
DA:93,8
DA:94,5
DA:107,1
DA:108,2
DA:114,2
DA:128,1
DA:129,8
DA:130,8
DA:131,8
DA:132,2
DA:133,2
DA:135,6
DA:137,8
DA:152,2
DA:153,2
DA:154,2
DA:155,1
DA:158,1
LF:38
LH:38
BRDA:42,0,0,3
BRDA:42,0,1,2
BRDA:75,1,0,2
BRDA:75,1,1,2
BRDA:76,2,0,2
BRDA:76,2,1,1
BRDA:135,3,0,6
BRDA:135,3,1,1
BRDA:154,4,0,1
BRDA:154,4,1,1
BRF:10
BRH:10
end_of_record
TN:
SF:src\app\App.jsx
FN:9,(anonymous_0)
FNF:1
FNH:1
FNDA:2,(anonymous_0)
DA:9,1
DA:10,2
LF:2
LH:2
BRF:0
BRH:0
end_of_record
TN:
SF:src\components\MainLayout.jsx
FNF:0
FNH:0
LF:0
LH:0
BRF:0
BRH:0
end_of_record
TN:
SF:src\components\Background\AuthBackground.jsx
FN:16,(anonymous_0)
FNF:1
FNH:1
FNDA:3,(anonymous_0)
DA:16,1
DA:17,3
DA:18,3
DA:20,3
LF:4
LH:4
BRDA:16,0,0,1
BRF:1
BRH:1
end_of_record
TN:
SF:src\components\Background\authBackgroundUtils.jsx
FN:31,(anonymous_0)
FN:34,(anonymous_1)
FN:38,(anonymous_2)
FN:48,(anonymous_3)
FN:69,(anonymous_4)
FN:85,(anonymous_5)
FN:97,(anonymous_6)
FN:105,(anonymous_7)
FNF:8
FNH:8
FNDA:3,(anonymous_0)
FNDA:9,(anonymous_1)
FNDA:9,(anonymous_2)
FNDA:4,(anonymous_3)
FNDA:1,(anonymous_4)
FNDA:1,(anonymous_5)
FNDA:2,(anonymous_6)
FNDA:2,(anonymous_7)
DA:5,1
DA:18,1
DA:31,3
DA:34,9
DA:38,9
DA:48,1
DA:49,4
DA:57,1
DA:69,1
DA:70,1
DA:85,1
DA:86,1
DA:97,1
DA:98,2
DA:106,2
LF:15
LH:15
BRDA:49,0,0,4
BRDA:49,0,1,2
BRF:2
BRH:2
end_of_record
TN:
SF:src\components\common\index.js
FNF:0
FNH:0
LF:0
LH:0
BRF:0
BRH:0
end_of_record
TN:
SF:src\components\common\Button\Button.jsx
FN:20,Button
FNF:1
FNH:1
FNDA:7,Button
DA:28,7
DA:29,7
DA:30,7
LF:3
LH:3
BRDA:22,0,0,5
BRDA:23,1,0,4
BRDA:24,2,0,5
BRF:3
BRH:3
end_of_record
TN:
SF:src\components\common\Button\buttonUtils.jsx
FN:8,(anonymous_0)
FN:15,(anonymous_1)
FN:22,(anonymous_2)
FN:29,(anonymous_3)
FN:36,getButtonClassName
FN:48,getButtonStyle
FN:57,getButtonEventHandlers
FN:76,getButtonCoreProps
FN:92,renderButton
FNF:9
FNH:9
FNDA:2,(anonymous_0)
FNDA:2,(anonymous_1)
FNDA:2,(anonymous_2)
FNDA:2,(anonymous_3)
FNDA:10,getButtonClassName
FNDA:9,getButtonStyle
FNDA:8,getButtonEventHandlers
FNDA:8,getButtonCoreProps
FNDA:8,renderButton
DA:8,3
DA:15,3
DA:22,3
DA:29,3
DA:37,10
DA:49,9
DA:58,8
DA:77,8
DA:93,8
LF:9
LH:9
BRF:0
BRH:0
end_of_record
TN:
SF:src\components\common\FormField\FormField.jsx
FN:20,FormField
FNF:1
FNH:1
FNDA:4,FormField
DA:31,4
DA:32,4
LF:2
LH:2
BRDA:28,0,0,3
BRDA:29,1,0,2
BRF:2
BRH:2
end_of_record
TN:
SF:src\components\common\FormField\formfieldUtils.jsx
FN:7,(anonymous_0)
FN:7,(anonymous_1)
FN:19,(anonymous_2)
FN:34,(anonymous_3)
FN:45,(anonymous_4)
FN:54,(anonymous_5)
FN:70,renderInput
FN:95,renderFormFieldWrapper
FNF:8
FNH:8
FNDA:3,(anonymous_0)
FNDA:3,(anonymous_1)
FNDA:9,(anonymous_2)
FNDA:6,(anonymous_3)
FNDA:1,(anonymous_4)
FNDA:1,(anonymous_5)
FNDA:4,renderInput
FNDA:4,renderFormFieldWrapper
DA:7,3
DA:8,3
DA:19,3
DA:20,9
DA:21,13
DA:22,7
DA:25,2
DA:34,3
DA:35,6
DA:36,6
DA:45,3
DA:46,1
DA:54,3
DA:55,1
DA:71,4
DA:96,4
LF:16
LH:16
BRDA:21,0,0,7
BRDA:21,0,1,6
BRDA:22,1,0,7
BRDA:22,1,1,4
BRDA:34,2,0,5
BRDA:35,3,0,6
BRDA:35,3,1,5
BRF:7
BRH:7
end_of_record
TN:
SF:src\components\common\LoadingSpinner\LoadingSpinner.jsx
FN:14,LoadingSpinner
FNF:1
FNH:1
FNDA:12,LoadingSpinner
DA:19,12
LF:1
LH:1
BRDA:15,0,0,1
BRDA:16,1,0,7
BRDA:17,2,0,10
BRF:3
BRH:3
end_of_record
TN:
SF:src\components\common\LoadingSpinner\LoadingSpinnerUtil.jsx
FN:6,renderDefaultSpinner
FN:19,renderInlineSpinner
FN:28,renderCenteredSpinner
FN:42,renderCustomSpinner
FN:53,renderSpinnerVariant
FNF:5
FNH:5
FNDA:6,renderDefaultSpinner
FNDA:8,renderInlineSpinner
FNDA:3,renderCenteredSpinner
FNDA:4,renderCustomSpinner
FNDA:17,renderSpinnerVariant
DA:7,6
DA:20,8
DA:29,3
DA:43,4
DA:54,17
DA:56,7
DA:58,2
DA:60,3
DA:63,5
LF:9
LH:9
BRDA:54,0,0,7
BRDA:54,0,1,2
BRDA:54,0,2,3
BRDA:54,0,3,3
BRDA:54,0,4,5
BRF:5
BRH:5
end_of_record
TN:
SF:src\hooks\useUserProfile.js
FNF:0
FNH:0
LF:0
LH:0
BRF:0
BRH:0
end_of_record
TN:
SF:src\store\store.js
FNF:0
FNH:0
DA:4,1
LF:1
LH:1
BRF:0
BRH:0
end_of_record
TN:
SF:src\store\slices\authSlice.js
FN:14,(anonymous_0)
FN:18,(anonymous_1)
FN:24,(anonymous_2)
FN:30,(anonymous_3)
FN:36,(anonymous_4)
FNF:5
FNH:5
FNDA:1,(anonymous_0)
FNDA:2,(anonymous_1)
FNDA:2,(anonymous_2)
FNDA:6,(anonymous_3)
FNDA:6,(anonymous_4)
DA:3,2
DA:10,2
DA:15,1
DA:16,1
DA:19,2
DA:20,2
DA:21,2
DA:22,2
DA:25,2
DA:26,2
DA:27,2
DA:28,2
DA:31,6
DA:32,6
DA:33,6
DA:34,6
DA:37,6
DA:42,2
LF:18
LH:18
BRF:0
BRH:0
end_of_record
TN:
SF:src\utils\constants.js
FNF:0
FNH:0
DA:1,3
DA:2,3
LF:2
LH:2
BRF:0
BRH:0
end_of_record
TN:
SF:src\utils\currencyFormats\currencyFormat.js
FN:7,(anonymous_0)
FNF:1
FNH:1
FNDA:25,(anonymous_0)
DA:7,1
DA:8,25
LF:2
LH:2
BRF:0
BRH:0
end_of_record
