TN:
SF:src\Pages\Login\Login.jsx
FN:17,(anonymous_0)
FN:43,(anonymous_1)
FN:69,(anonymous_2)
FN:88,(anonymous_3)
FN:103,(anonymous_4)
FN:124,(anonymous_5)
FN:144,(anonymous_6)
FN:155,(anonymous_7)
FN:171,(anonymous_8)
FNF:9
FNH:9
FNDA:4,(anonymous_0)
FNDA:4,(anonymous_1)
FNDA:4,(anonymous_2)
FNDA:4,(anonymous_3)
FNDA:4,(anonymous_4)
FNDA:4,(anonymous_5)
FNDA:4,(anonymous_6)
FNDA:4,(anonymous_7)
FNDA:4,(anonymous_8)
DA:17,2
DA:18,4
DA:19,4
DA:43,2
DA:44,4
DA:69,2
DA:70,4
DA:88,2
DA:89,4
DA:103,2
DA:104,4
DA:124,2
DA:125,4
DA:144,2
DA:145,4
DA:155,2
DA:156,4
DA:171,2
DA:172,4
LF:19
LH:19
BRDA:146,0,0,1
BRDA:146,0,1,3
BRF:2
BRH:2
end_of_record
TN:
SF:src\Pages\Login\loginUtils.jsx
FN:18,(anonymous_0)
FN:35,(anonymous_1)
FN:57,(anonymous_2)
FN:72,(anonymous_3)
FN:91,(anonymous_4)
FN:107,(anonymous_5)
FN:128,(anonymous_6)
FN:152,(anonymous_7)
FN:152,(anonymous_8)
FNF:9
FNH:9
FNDA:6,(anonymous_0)
FNDA:5,(anonymous_1)
FNDA:8,(anonymous_2)
FNDA:5,(anonymous_3)
FNDA:8,(anonymous_4)
FNDA:2,(anonymous_5)
FNDA:8,(anonymous_6)
FNDA:3,(anonymous_7)
FNDA:2,(anonymous_8)
DA:18,2
DA:19,6
DA:20,6
DA:21,6
DA:22,6
DA:24,6
DA:35,2
DA:36,5
DA:42,5
DA:43,3
DA:44,3
DA:46,2
DA:57,8
DA:72,2
DA:73,5
DA:75,4
DA:76,2
DA:79,2
DA:91,2
DA:92,8
DA:93,8
DA:94,5
DA:107,2
DA:108,2
DA:114,2
DA:128,2
DA:129,8
DA:130,8
DA:131,8
DA:132,2
DA:133,2
DA:135,6
DA:137,8
DA:152,3
DA:153,2
DA:154,2
DA:155,1
DA:158,2
LF:38
LH:38
BRDA:42,0,0,3
BRDA:42,0,1,2
BRDA:75,1,0,2
BRDA:75,1,1,2
BRDA:76,2,0,2
BRDA:76,2,1,1
BRDA:135,3,0,6
BRDA:135,3,1,1
BRDA:154,4,0,1
BRDA:154,4,1,1
BRF:10
BRH:10
end_of_record
TN:
SF:src\Pages\Signup\Signup.jsx
FN:17,Signup
FN:37,(anonymous_1)
FN:56,(anonymous_2)
FN:74,(anonymous_3)
FN:89,(anonymous_4)
FN:96,(anonymous_5)
FN:109,(anonymous_6)
FN:116,(anonymous_7)
FN:129,(anonymous_8)
FN:136,(anonymous_9)
FN:148,(anonymous_10)
FN:158,(anonymous_11)
FN:171,SignupWithFooter
FNF:13
FNH:13
FNDA:8,Signup
FNDA:8,(anonymous_1)
FNDA:8,(anonymous_2)
FNDA:8,(anonymous_3)
FNDA:8,(anonymous_4)
FNDA:1,(anonymous_5)
FNDA:8,(anonymous_6)
FNDA:1,(anonymous_7)
FNDA:8,(anonymous_8)
FNDA:1,(anonymous_9)
FNDA:8,(anonymous_10)
FNDA:8,(anonymous_11)
FNDA:8,SignupWithFooter
DA:18,8
DA:19,8
DA:20,8
DA:37,2
DA:38,8
DA:39,8
DA:56,2
DA:57,8
DA:74,2
DA:75,8
DA:89,2
DA:90,8
DA:96,1
DA:109,2
DA:110,8
DA:116,1
DA:129,2
DA:130,8
DA:136,1
DA:148,2
DA:149,8
DA:158,2
DA:159,8
DA:172,8
LF:24
LH:24
BRDA:150,0,0,1
BRDA:150,0,1,7
BRF:2
BRH:2
end_of_record
TN:
SF:src\Pages\Signup\signupUtils.jsx
FN:12,(anonymous_0)
FN:25,(anonymous_1)
FN:41,(anonymous_2)
FN:59,(anonymous_3)
FN:71,(anonymous_4)
FN:83,(anonymous_5)
FN:95,(anonymous_6)
FN:104,(anonymous_7)
FN:120,(anonymous_8)
FN:143,(anonymous_9)
FN:143,(anonymous_10)
FNF:11
FNH:11
FNDA:4,(anonymous_0)
FNDA:6,(anonymous_1)
FNDA:6,(anonymous_2)
FNDA:7,(anonymous_3)
FNDA:8,(anonymous_4)
FNDA:7,(anonymous_5)
FNDA:2,(anonymous_6)
FNDA:5,(anonymous_7)
FNDA:7,(anonymous_8)
FNDA:3,(anonymous_9)
FNDA:3,(anonymous_10)
DA:12,6
DA:13,4
DA:14,4
DA:15,4
DA:16,4
DA:17,4
DA:25,6
DA:26,6
DA:41,6
DA:42,6
DA:43,6
DA:44,2
DA:45,2
DA:47,4
DA:48,1
DA:49,1
DA:51,3
DA:59,7
DA:71,6
DA:72,8
DA:73,8
DA:74,3
DA:83,6
DA:84,7
DA:85,7
DA:86,5
DA:95,6
DA:96,2
DA:101,2
DA:104,6
DA:105,5
DA:106,2
DA:108,3
DA:120,6
DA:121,7
DA:122,7
DA:123,7
DA:124,7
DA:125,2
DA:126,2
DA:128,5
DA:129,5
DA:131,7
DA:143,6
DA:144,3
DA:145,3
DA:146,2
LF:47
LH:47
BRDA:43,0,0,2
BRDA:43,0,1,4
BRDA:47,1,0,1
BRDA:47,1,1,3
BRDA:73,2,0,5
BRDA:73,2,1,3
BRDA:73,3,0,5
BRDA:73,3,1,1
BRDA:105,4,0,2
BRDA:105,4,1,3
BRDA:108,5,0,3
BRDA:108,5,1,1
BRDA:128,6,0,5
BRDA:128,6,1,1
BRDA:145,7,0,1
BRDA:145,7,1,2
BRF:16
BRH:16
end_of_record
TN:
SF:src\app\App.jsx
FN:10,(anonymous_0)
FNF:1
FNH:1
FNDA:1,(anonymous_0)
DA:10,1
DA:11,1
LF:2
LH:2
BRF:0
BRH:0
end_of_record
TN:
SF:src\components\MainLayout.jsx
FNF:0
FNH:0
LF:0
LH:0
BRF:0
BRH:0
end_of_record
TN:
SF:src\components\Background\AuthBackground.jsx
FN:16,(anonymous_0)
FNF:1
FNH:1
FNDA:4,(anonymous_0)
DA:16,2
DA:17,4
DA:18,4
DA:20,4
LF:4
LH:4
BRDA:16,0,0,1
BRF:1
BRH:1
end_of_record
TN:
SF:src\components\Background\authBackgroundUtils.jsx
FN:31,(anonymous_0)
FN:34,(anonymous_1)
FN:38,(anonymous_2)
FN:48,(anonymous_3)
FN:69,(anonymous_4)
FN:85,(anonymous_5)
FN:97,(anonymous_6)
FN:105,(anonymous_7)
FNF:8
FNH:8
FNDA:4,(anonymous_0)
FNDA:12,(anonymous_1)
FNDA:12,(anonymous_2)
FNDA:5,(anonymous_3)
FNDA:2,(anonymous_4)
FNDA:2,(anonymous_5)
FNDA:3,(anonymous_6)
FNDA:5,(anonymous_7)
DA:5,2
DA:18,2
DA:31,4
DA:34,12
DA:38,12
DA:48,2
DA:49,5
DA:57,2
DA:69,2
DA:70,2
DA:85,2
DA:86,2
DA:97,2
DA:98,3
DA:106,5
LF:15
LH:15
BRDA:49,0,0,5
BRDA:49,0,1,2
BRF:2
BRH:2
end_of_record
TN:
SF:src\components\common\index.js
FNF:0
FNH:0
LF:0
LH:0
BRF:0
BRH:0
end_of_record
TN:
SF:src\components\common\Button\Button.jsx
FN:20,Button
FNF:1
FNH:1
FNDA:8,Button
DA:28,8
DA:29,8
DA:30,8
LF:3
LH:3
BRDA:22,0,0,5
BRDA:23,1,0,4
BRDA:24,2,0,6
BRF:3
BRH:3
end_of_record
TN:
SF:src\components\common\Button\buttonUtils.jsx
FN:8,(anonymous_0)
FN:15,(anonymous_1)
FN:22,(anonymous_2)
FN:29,(anonymous_3)
FN:36,getButtonClassName
FN:48,getButtonStyle
FN:57,getButtonEventHandlers
FN:76,getButtonCoreProps
FN:92,renderButton
FNF:9
FNH:9
FNDA:2,(anonymous_0)
FNDA:2,(anonymous_1)
FNDA:2,(anonymous_2)
FNDA:2,(anonymous_3)
FNDA:11,getButtonClassName
FNDA:10,getButtonStyle
FNDA:9,getButtonEventHandlers
FNDA:9,getButtonCoreProps
FNDA:9,renderButton
DA:8,4
DA:15,4
DA:22,4
DA:29,4
DA:37,11
DA:49,10
DA:58,9
DA:77,9
DA:93,9
LF:9
LH:9
BRF:0
BRH:0
end_of_record
TN:
SF:src\components\common\FormField\FormField.jsx
FN:20,FormField
FNF:1
FNH:1
FNDA:6,FormField
DA:31,6
DA:32,6
LF:2
LH:2
BRDA:28,0,0,3
BRDA:29,1,0,4
BRF:2
BRH:2
end_of_record
TN:
SF:src\components\common\FormField\formfieldUtils.jsx
FN:7,(anonymous_0)
FN:7,(anonymous_1)
FN:19,(anonymous_2)
FN:34,(anonymous_3)
FN:45,(anonymous_4)
FN:54,(anonymous_5)
FN:70,renderInput
FN:95,renderFormFieldWrapper
FNF:8
FNH:8
FNDA:5,(anonymous_0)
FNDA:3,(anonymous_1)
FNDA:9,(anonymous_2)
FNDA:6,(anonymous_3)
FNDA:1,(anonymous_4)
FNDA:1,(anonymous_5)
FNDA:6,renderInput
FNDA:6,renderFormFieldWrapper
DA:7,5
DA:8,3
DA:19,4
DA:20,9
DA:21,13
DA:22,7
DA:25,2
DA:34,4
DA:35,6
DA:36,6
DA:45,4
DA:46,1
DA:54,4
DA:55,1
DA:71,6
DA:96,6
LF:16
LH:16
BRDA:21,0,0,7
BRDA:21,0,1,6
BRDA:22,1,0,7
BRDA:22,1,1,4
BRDA:34,2,0,5
BRDA:35,3,0,6
BRDA:35,3,1,5
BRF:7
BRH:7
end_of_record
TN:
SF:src\components\common\LoadingSpinner\LoadingSpinner.jsx
FN:14,LoadingSpinner
FNF:1
FNH:1
FNDA:12,LoadingSpinner
DA:19,12
LF:1
LH:1
BRDA:15,0,0,1
BRDA:16,1,0,7
BRDA:17,2,0,10
BRF:3
BRH:3
end_of_record
TN:
SF:src\components\common\LoadingSpinner\LoadingSpinnerUtil.jsx
FN:6,renderDefaultSpinner
FN:19,renderInlineSpinner
FN:28,renderCenteredSpinner
FN:42,renderCustomSpinner
FN:53,renderSpinnerVariant
FNF:5
FNH:5
FNDA:6,renderDefaultSpinner
FNDA:8,renderInlineSpinner
FNDA:3,renderCenteredSpinner
FNDA:4,renderCustomSpinner
FNDA:17,renderSpinnerVariant
DA:7,6
DA:20,8
DA:29,3
DA:43,4
DA:54,17
DA:56,7
DA:58,2
DA:60,3
DA:63,5
LF:9
LH:9
BRDA:54,0,0,7
BRDA:54,0,1,2
BRDA:54,0,2,3
BRDA:54,0,3,3
BRDA:54,0,4,5
BRF:5
BRH:5
end_of_record
TN:
SF:src\hooks\useUserProfile.js
FNF:0
FNH:0
LF:0
LH:0
BRF:0
BRH:0
end_of_record
TN:
SF:src\store\store.js
FNF:0
FNH:0
DA:4,2
LF:1
LH:1
BRF:0
BRH:0
end_of_record
TN:
SF:src\store\slices\authSlice.js
FN:14,(anonymous_0)
FN:18,(anonymous_1)
FN:24,(anonymous_2)
FN:30,(anonymous_3)
FN:36,(anonymous_4)
FNF:5
FNH:5
FNDA:1,(anonymous_0)
FNDA:2,(anonymous_1)
FNDA:2,(anonymous_2)
FNDA:6,(anonymous_3)
FNDA:6,(anonymous_4)
DA:3,4
DA:10,4
DA:15,1
DA:16,1
DA:19,2
DA:20,2
DA:21,2
DA:22,2
DA:25,2
DA:26,2
DA:27,2
DA:28,2
DA:31,6
DA:32,6
DA:33,6
DA:34,6
DA:37,6
DA:42,4
LF:18
LH:18
BRF:0
BRH:0
end_of_record
TN:
SF:src\utils\constants.js
FNF:0
FNH:0
DA:1,4
DA:2,4
LF:2
LH:2
BRF:0
BRH:0
end_of_record
TN:
SF:src\utils\currencyFormats\currencyFormat.js
FN:7,(anonymous_0)
FNF:1
FNH:1
FNDA:25,(anonymous_0)
DA:7,1
DA:8,25
LF:2
LH:2
BRF:0
BRH:0
end_of_record
